MASTER_PORT=10541
WORLD_SIZE=4
MASTER_ADDR=lanta-g-011
usage: main.py [options] fit [-h] [-c CONFIG] [--print_config [=flags]]
                             [--seed_everything SEED_EVERYTHING]
                             [--trainer CONFIG]
                             [--trainer.accelerator.help CLASS_PATH_OR_NAME]
                             [--trainer.accelerator ACCELERATOR]
                             [--trainer.strategy.help CLASS_PATH_OR_NAME]
                             [--trainer.strategy STRATEGY]
                             [--trainer.devices DEVICES]
                             [--trainer.num_nodes NUM_NODES]
                             [--trainer.precision PRECISION]
                             [--trainer.logger.help CLASS_PATH_OR_NAME]
                             [--trainer.logger LOGGER]
                             [--trainer.callbacks.help CLASS_PATH_OR_NAME]
                             [--trainer.callbacks CALLBACKS]
                             [--trainer.fast_dev_run FAST_DEV_RUN]
                             [--trainer.max_epochs MAX_EPOCHS]
                             [--trainer.min_epochs MIN_EPOCHS]
                             [--trainer.max_steps MAX_STEPS]
                             [--trainer.min_steps MIN_STEPS]
                             [--trainer.max_time MAX_TIME]
                             [--trainer.limit_train_batches LIMIT_TRAIN_BATCHES]
                             [--trainer.limit_val_batches LIMIT_VAL_BATCHES]
                             [--trainer.limit_test_batches LIMIT_TEST_BATCHES]
                             [--trainer.limit_predict_batches LIMIT_PREDICT_BATCHES]
                             [--trainer.overfit_batches OVERFIT_BATCHES]
                             [--trainer.val_check_interval VAL_CHECK_INTERVAL]
                             [--trainer.check_val_every_n_epoch CHECK_VAL_EVERY_N_EPOCH]
                             [--trainer.num_sanity_val_steps NUM_SANITY_VAL_STEPS]
                             [--trainer.log_every_n_steps LOG_EVERY_N_STEPS]
                             [--trainer.enable_checkpointing {true,false,null}]
                             [--trainer.enable_progress_bar {true,false,null}]
                             [--trainer.enable_model_summary {true,false,null}]
                             [--trainer.accumulate_grad_batches ACCUMULATE_GRAD_BATCHES]
                             [--trainer.gradient_clip_val GRADIENT_CLIP_VAL]
                             [--trainer.gradient_clip_algorithm GRADIENT_CLIP_ALGORITHM]
                             [--trainer.deterministic DETERMINISTIC]
                             [--trainer.benchmark {true,false,null}]
                             [--trainer.inference_mode {true,false}]
                             [--trainer.use_distributed_sampler {true,false}]
                             [--trainer.profiler.help CLASS_PATH_OR_NAME]
                             [--trainer.profiler PROFILER]
                             [--trainer.detect_anomaly {true,false}]
                             [--trainer.barebones {true,false}]
                             [--trainer.plugins.help CLASS_PATH_OR_NAME]
                             [--trainer.plugins PLUGINS]
                             [--trainer.sync_batchnorm {true,false}]
                             [--trainer.reload_dataloaders_every_n_epochs RELOAD_DATALOADERS_EVERY_N_EPOCHS]
                             [--trainer.default_root_dir DEFAULT_ROOT_DIR]
                             [--trainer.model_registry MODEL_REGISTRY]
                             [--model.help [CLASS_PATH_OR_NAME]]
                             --model CONFIG | CLASS_PATH_OR_NAME | .INIT_ARG_NAME VALUE
                             [--data.help [CLASS_PATH_OR_NAME]]
                             --data CONFIG | CLASS_PATH_OR_NAME | .INIT_ARG_NAME VALUE
                             [--compile_disabled]
                             [--optimizer.help [CLASS_PATH_OR_NAME]]
                             [--optimizer CONFIG | CLASS_PATH_OR_NAME | .INIT_ARG_NAME VALUE]
                             [--lr_scheduler.help CLASS_PATH_OR_NAME]
                             [--lr_scheduler CONFIG | CLASS_PATH_OR_NAME | .INIT_ARG_NAME VALUE]
                             [--ckpt_path CKPT_PATH]
error: Unrecognized arguments: --trainer.compile_disabled
usage: main.py [options] fit [-h] [-c CONFIG] [--print_config [=flags]]
                             [--seed_everything SEED_EVERYTHING]
                             [--trainer CONFIG]
                             [--trainer.accelerator.help CLASS_PATH_OR_NAME]
                             [--trainer.accelerator ACCELERATOR]
                             [--trainer.strategy.help CLASS_PATH_OR_NAME]
                             [--trainer.strategy STRATEGY]
                             [--trainer.devices DEVICES]
                             [--trainer.num_nodes NUM_NODES]
                             [--trainer.precision PRECISION]
                             [--trainer.logger.help CLASS_PATH_OR_NAME]
                             [--trainer.logger LOGGER]
                             [--trainer.callbacks.help CLASS_PATH_OR_NAME]
                             [--trainer.callbacks CALLBACKS]
                             [--trainer.fast_dev_run FAST_DEV_RUN]
                             [--trainer.max_epochs MAX_EPOCHS]
                             [--trainer.min_epochs MIN_EPOCHS]
                             [--trainer.max_steps MAX_STEPS]
                             [--trainer.min_steps MIN_STEPS]
                             [--trainer.max_time MAX_TIME]
                             [--trainer.limit_train_batches LIMIT_TRAIN_BATCHES]
                             [--trainer.limit_val_batches LIMIT_VAL_BATCHES]
                             [--trainer.limit_test_batches LIMIT_TEST_BATCHES]
                             [--trainer.limit_predict_batches LIMIT_PREDICT_BATCHES]
                             [--trainer.overfit_batches OVERFIT_BATCHES]
                             [--trainer.val_check_interval VAL_CHECK_INTERVAL]
                             [--trainer.check_val_every_n_epoch CHECK_VAL_EVERY_N_EPOCH]
                             [--trainer.num_sanity_val_steps NUM_SANITY_VAL_STEPS]
                             [--trainer.log_every_n_steps LOG_EVERY_N_STEPS]
                             [--trainer.enable_checkpointing {true,false,null}]
                             [--trainer.enable_progress_bar {true,false,null}]
                             [--trainer.enable_model_summary {true,false,null}]
                             [--trainer.accumulate_grad_batches ACCUMULATE_GRAD_BATCHES]
                             [--trainer.gradient_clip_val GRADIENT_CLIP_VAL]
                             [--trainer.gradient_clip_algorithm GRADIENT_CLIP_ALGORITHM]
                             [--trainer.deterministic DETERMINISTIC]
                             [--trainer.benchmark {true,false,null}]
                             [--trainer.inference_mode {true,false}]
                             [--trainer.use_distributed_sampler {true,false}]
                             [--trainer.profiler.help CLASS_PATH_OR_NAME]
                             [--trainer.profiler PROFILER]
                             [--trainer.detect_anomaly {true,false}]
                             [--trainer.barebones {true,false}]
                             [--trainer.plugins.help CLASS_PATH_OR_NAME]
                             [--trainer.plugins PLUGINS]
                             [--trainer.sync_batchnorm {true,false}]
                             [--trainer.reload_dataloaders_every_n_epochs RELOAD_DATALOADERS_EVERY_N_EPOCHS]
                             [--trainer.default_root_dir DEFAULT_ROOT_DIR]
                             [--trainer.model_registry MODEL_REGISTRY]
                             [--model.help [CLASS_PATH_OR_NAME]]
                             --model CONFIG | CLASS_PATH_OR_NAME | .INIT_ARG_NAME VALUE
                             [--data.help [CLASS_PATH_OR_NAME]]
                             --data CONFIG | CLASS_PATH_OR_NAME | .INIT_ARG_NAME VALUE
                             [--compile_disabled]
                             [--optimizer.help [CLASS_PATH_OR_NAME]]
                             [--optimizer CONFIG | CLASS_PATH_OR_NAME | .INIT_ARG_NAME VALUE]
                             [--lr_scheduler.help CLASS_PATH_OR_NAME]
usage: main.py [options] fit [-h] [-c CONFIG] [--print_config [=flags]]
                             [--seed_everything SEED_EVERYTHING]
                             [--trainer CONFIG]
                             [--trainer.accelerator.help CLASS_PATH_OR_NAME]
                             [--trainer.accelerator ACCELERATOR]
                             [--trainer.strategy.help CLASS_PATH_OR_NAME]
                             [--trainer.strategy STRATEGY]
                             [--trainer.devices DEVICES]
                             [--trainer.num_nodes NUM_NODES]
                             [--trainer.precision PRECISION]
                             [--trainer.logger.help CLASS_PATH_OR_NAME]
                             [--trainer.logger LOGGER]
                             [--trainer.callbacks.help CLASS_PATH_OR_NAME]
                             [--trainer.callbacks CALLBACKS]
                             [--trainer.fast_dev_run FAST_DEV_RUN]
                             [--trainer.max_epochs MAX_EPOCHS]
                             [--trainer.min_epochs MIN_EPOCHS]
                             [--trainer.max_steps MAX_STEPS]
                             [--trainer.min_steps MIN_STEPS]
                             [--trainer.max_time MAX_TIME]
                             [--trainer.limit_train_batches LIMIT_TRAIN_BATCHES]
                             [--trainer.limit_val_batches LIMIT_VAL_BATCHES]
                             [--trainer.limit_test_batches LIMIT_TEST_BATCHES]
                             [--trainer.limit_predict_batches LIMIT_PREDICT_BATCHES]
                             [--trainer.overfit_batches OVERFIT_BATCHES]
                             [--trainer.val_check_interval VAL_CHECK_INTERVAL]
                             [--trainer.check_val_every_n_epoch CHECK_VAL_EVERY_N_EPOCH]
                             [--trainer.num_sanity_val_steps NUM_SANITY_VAL_STEPS]
                             [--trainer.log_every_n_steps LOG_EVERY_N_STEPS]
                             [--trainer.enable_checkpointing {true,false,null}]
                             [--trainer.enable_progress_bar {true,false,null}]
                             [--trainer.enable_model_summary {true,false,null}]
                             [--trainer.accumulate_grad_batches ACCUMULATE_GRAD_BATCHES]
                             [--trainer.gradient_clip_val GRADIENT_CLIP_VAL]
                             [--trainer.gradient_clip_algorithm GRADIENT_CLIP_ALGORITHM]
                             [--trainer.deterministic DETERMINISTIC]
                             [--trainer.benchmark {true,false,null}]
                             [--trainer.inference_mode {true,false}]
                             [--trainer.use_distributed_sampler {true,false}]
                             [--trainer.profiler.help CLASS_PATH_OR_NAME]
                             [--trainer.profiler PROFILER]
                             [--trainer.detect_anomaly {true,false}]
                             [--trainer.barebones {true,false}]
                             [--trainer.plugins.help CLASS_PATH_OR_NAME]
                             [--trainer.plugins PLUGINS]
                             [--trainer.sync_batchnorm {true,false}]
                             [--trainer.reload_dataloaders_every_n_epochs RELOAD_DATALOADERS_EVERY_N_EPOCHS]
                             [--trainer.default_root_dir DEFAULT_ROOT_DIR]
                             [--trainer.model_registry MODEL_REGISTRY]
                             [--model.help [CLASS_PATH_OR_NAME]]
                             --model CONFIG | CLASS_PATH_OR_NAME | .INIT_ARG_NAME VALUE
                             [--data.help [CLASS_PATH_OR_NAME]]
                             --data CONFIG | CLASS_PATH_OR_NAME | .INIT_ARG_NAME VALUE
                             [--compile_disabled]
                             [--optimizer.help [CLASS_PATH_OR_NAME]]
                             [--optimizer CONFIG | CLASS_PATH_OR_NAME | .INIT_ARG_NAME VALUE]
                             [--lr_scheduler.help CLASS_PATH_OR_NAME]
                             [--lr_scheduler CONFIG | CLASS_PATH_OR_NAME | .INIT_ARG_NAME VALUE]
                             [--ckpt_path CKPT_PATH]
error: Unrecognized arguments: --trainer.compile_disabled
                             [--lr_scheduler CONFIG | CLASS_PATH_OR_NAME | .INIT_ARG_NAME VALUE]
                             [--ckpt_path CKPT_PATH]
error: Unrecognized arguments: --trainer.compile_disabled
usage: main.py [options] fit [-h] [-c CONFIG] [--print_config [=flags]]
                             [--seed_everything SEED_EVERYTHING]
                             [--trainer CONFIG]
                             [--trainer.accelerator.help CLASS_PATH_OR_NAME]
                             [--trainer.accelerator ACCELERATOR]
                             [--trainer.strategy.help CLASS_PATH_OR_NAME]
                             [--trainer.strategy STRATEGY]
                             [--trainer.devices DEVICES]
                             [--trainer.num_nodes NUM_NODES]
                             [--trainer.precision PRECISION]
                             [--trainer.logger.help CLASS_PATH_OR_NAME]
                             [--trainer.logger LOGGER]
                             [--trainer.callbacks.help CLASS_PATH_OR_NAME]
                             [--trainer.callbacks CALLBACKS]
                             [--trainer.fast_dev_run FAST_DEV_RUN]
                             [--trainer.max_epochs MAX_EPOCHS]
                             [--trainer.min_epochs MIN_EPOCHS]
                             [--trainer.max_steps MAX_STEPS]
                             [--trainer.min_steps MIN_STEPS]
                             [--trainer.max_time MAX_TIME]
                             [--trainer.limit_train_batches LIMIT_TRAIN_BATCHES]
                             [--trainer.limit_val_batches LIMIT_VAL_BATCHES]
                             [--trainer.limit_test_batches LIMIT_TEST_BATCHES]
                             [--trainer.limit_predict_batches LIMIT_PREDICT_BATCHES]
                             [--trainer.overfit_batches OVERFIT_BATCHES]
                             [--trainer.val_check_interval VAL_CHECK_INTERVAL]
                             [--trainer.check_val_every_n_epoch CHECK_VAL_EVERY_N_EPOCH]
                             [--trainer.num_sanity_val_steps NUM_SANITY_VAL_STEPS]
                             [--trainer.log_every_n_steps LOG_EVERY_N_STEPS]
                             [--trainer.enable_checkpointing {true,false,null}]
                             [--trainer.enable_progress_bar {true,false,null}]
                             [--trainer.enable_model_summary {true,false,null}]
                             [--trainer.accumulate_grad_batches ACCUMULATE_GRAD_BATCHES]
                             [--trainer.gradient_clip_val GRADIENT_CLIP_VAL]
                             [--trainer.gradient_clip_algorithm GRADIENT_CLIP_ALGORITHM]
                             [--trainer.deterministic DETERMINISTIC]
                             [--trainer.benchmark {true,false,null}]
                             [--trainer.inference_mode {true,false}]
                             [--trainer.use_distributed_sampler {true,false}]
                             [--trainer.profiler.help CLASS_PATH_OR_NAME]
                             [--trainer.profiler PROFILER]
                             [--trainer.detect_anomaly {true,false}]
                             [--trainer.barebones {true,false}]
                             [--trainer.plugins.help CLASS_PATH_OR_NAME]
                             [--trainer.plugins PLUGINS]
                             [--trainer.sync_batchnorm {true,false}]
                             [--trainer.reload_dataloaders_every_n_epochs RELOAD_DATALOADERS_EVERY_N_EPOCHS]
                             [--trainer.default_root_dir DEFAULT_ROOT_DIR]
                             [--trainer.model_registry MODEL_REGISTRY]
                             [--model.help [CLASS_PATH_OR_NAME]]
                             --model CONFIG | CLASS_PATH_OR_NAME | .INIT_ARG_NAME VALUE
                             [--data.help [CLASS_PATH_OR_NAME]]
                             --data CONFIG | CLASS_PATH_OR_NAME | .INIT_ARG_NAME VALUE
                             [--compile_disabled]
                             [--optimizer.help [CLASS_PATH_OR_NAME]]
                             [--optimizer CONFIG | CLASS_PATH_OR_NAME | .INIT_ARG_NAME VALUE]
                             [--lr_scheduler.help CLASS_PATH_OR_NAME]
                             [--lr_scheduler CONFIG | CLASS_PATH_OR_NAME | .INIT_ARG_NAME VALUE]
                             [--ckpt_path CKPT_PATH]
error: Unrecognized arguments: --trainer.compile_disabled
srun: error: lanta-g-011: tasks 0-3: Exited with exit code 2
srun: Terminating StepId=3040541.0
